Arguments: 
  /usr/bin/node /usr/bin/yarn add react-native gesture-handler

PATH: 
  /usr/local/sbin:/usr/local/bin:/usr/sbin:/usr/bin:/sbin:/bin:/snap/bin

Yarn version: 
  1.17.3

Node version: 
  10.16.3

Platform: 
  linux x64

Trace: 
  Error: https://registry.yarnpkg.com/gesture-handler: Not found
      at Request.params.callback [as _callback] (/usr/lib/node_modules/yarn/lib/cli.js:66830:18)
      at Request.self.callback (/usr/lib/node_modules/yarn/lib/cli.js:140464:22)
      at Request.emit (events.js:198:13)
      at Request.<anonymous> (/usr/lib/node_modules/yarn/lib/cli.js:141436:10)
      at Request.emit (events.js:198:13)
      at IncomingMessage.<anonymous> (/usr/lib/node_modules/yarn/lib/cli.js:141358:12)
      at Object.onceWrapper (events.js:286:20)
      at IncomingMessage.emit (events.js:203:15)
      at endReadableNT (_stream_readable.js:1145:12)
      at process._tickCallback (internal/process/next_tick.js:63:19)

npm manifest: 
  {
    "name": "Template",
    "version": "0.0.1",
    "private": true,
    "scripts": {
      "start": "react-native start",
      "test": "jest"
    },
    "dependencies": {
      "adb": "^0.2.0",
      "react": "16.8.6",
      "react-native": "^0.60.4",
      "react-native-gesture-handler": "^1.3.0",
      "react-navigation": "^3.11.1",
      "yarn": "^1.17.3"
    },
    "devDependencies": {
      "@babel/core": "^7.5.0",
      "@babel/runtime": "^7.5.0",
      "@react-native-community/eslint-config": "^0.0.3",
      "babel-jest": "^24.1.0",
      "jest": "^24.1.0",
      "metro-react-native-babel-preset": "^0.54.1",
      "react-test-renderer": "16.8.6"
    },
    "jest": {
      "preset": "react-native"
    }
  }

yarn manifest: 
  No manifest

Lockfile: 
  No lockfile
